This is pdfTeX, Version 3.14159265-2.6-1.40.20 (TeX Live 2019/Debian) (preloaded format=pdflatex 2025.8.30)  30 NOV 2025 13:06
entering extended mode
 restricted \write18 enabled.
 %&-line parsing enabled.
**beamer.tex
(./beamer.tex
LaTeX2e <2020-02-02> patch level 2
L3 programming layer <2020-02-14>
(/usr/share/texlive/texmf-dist/tex/latex/beamer/beamer.cls
Document Class: beamer 2019/09/29 v3.57 A class for typesetting presentations
(/usr/share/texlive/texmf-dist/tex/latex/beamer/beamerbasemodes.sty
(/usr/share/texlive/texmf-dist/tex/latex/etoolbox/etoolbox.sty
Package: etoolbox 2019/09/21 v2.5h e-TeX tools for LaTeX (JAW)
\etb@tempcnta=\count167
)
\beamer@tempbox=\box45
\beamer@tempcount=\count168
\c@beamerpauses=\count169

(/usr/share/texlive/texmf-dist/tex/latex/beamer/beamerbasedecode.sty
\beamer@slideinframe=\count170
\beamer@minimum=\count171
\beamer@decode@box=\box46
)
\beamer@commentbox=\box47
\beamer@modecount=\count172
)
(/usr/share/texlive/texmf-dist/tex/generic/iftex/ifpdf.sty
Package: ifpdf 2019/10/25 v3.4 ifpdf legacy package. Use iftex instead.

(/usr/share/texlive/texmf-dist/tex/generic/iftex/iftex.sty
Package: iftex 2019/11/07 v1.0c TeX engine tests
))
\headdp=\dimen134
\footheight=\dimen135
\sidebarheight=\dimen136
\beamer@tempdim=\dimen137
\beamer@finalheight=\dimen138
\beamer@animht=\dimen139
\beamer@animdp=\dimen140
\beamer@animwd=\dimen141
\beamer@leftmargin=\dimen142
\beamer@rightmargin=\dimen143
\beamer@leftsidebar=\dimen144
\beamer@rightsidebar=\dimen145
\beamer@boxsize=\dimen146
\beamer@vboxoffset=\dimen147
\beamer@descdefault=\dimen148
\beamer@descriptionwidth=\dimen149
\beamer@lastskip=\skip47
\beamer@areabox=\box48
\beamer@animcurrent=\box49
\beamer@animshowbox=\box50
\beamer@sectionbox=\box51
\beamer@logobox=\box52
\beamer@linebox=\box53
\beamer@sectioncount=\count173
\beamer@subsubsectionmax=\count174
\beamer@subsectionmax=\count175
\beamer@sectionmax=\count176
\beamer@totalheads=\count177
\beamer@headcounter=\count178
\beamer@partstartpage=\count179
\beamer@sectionstartpage=\count180
\beamer@subsectionstartpage=\count181
\beamer@animationtempa=\count182
\beamer@animationtempb=\count183
\beamer@xpos=\count184
\beamer@ypos=\count185
\beamer@ypos@offset=\count186
\beamer@showpartnumber=\count187
\beamer@currentsubsection=\count188
\beamer@coveringdepth=\count189
\beamer@sectionadjust=\count190
\beamer@tocsectionnumber=\count191

(/usr/share/texlive/texmf-dist/tex/latex/beamer/beamerbaseoptions.sty
(/usr/share/texlive/texmf-dist/tex/latex/graphics/keyval.sty
Package: keyval 2014/10/28 v1.15 key=value parser (DPC)
\KV@toks@=\toks14
))
\beamer@paperwidth=\skip48
\beamer@paperheight=\skip49

(/usr/share/texlive/texmf-dist/tex/latex/geometry/geometry.sty
Package: geometry 2020/01/02 v5.9 Page Geometry

(/usr/share/texlive/texmf-dist/tex/generic/iftex/ifvtex.sty
Package: ifvtex 2019/10/25 v1.7 ifvtex legacy package. Use iftex instead.
)
\Gm@cnth=\count192
\Gm@cntv=\count193
\c@Gm@tempcnt=\count194
\Gm@bindingoffset=\dimen150
\Gm@wd@mp=\dimen151
\Gm@odd@mp=\dimen152
\Gm@even@mp=\dimen153
\Gm@layoutwidth=\dimen154
\Gm@layoutheight=\dimen155
\Gm@layouthoffset=\dimen156
\Gm@layoutvoffset=\dimen157
\Gm@dimlist=\toks15
)
(/usr/share/texlive/texmf-dist/tex/latex/base/size11.clo
File: size11.clo 2019/12/20 v1.4l Standard LaTeX file (size option)
)
(/usr/share/texlive/texmf-dist/tex/latex/pgf/basiclayer/pgfcore.sty
(/usr/share/texlive/texmf-dist/tex/latex/graphics/graphicx.sty
Package: graphicx 2019/11/30 v1.2a Enhanced LaTeX Graphics (DPC,SPQR)

(/usr/share/texlive/texmf-dist/tex/latex/graphics/graphics.sty
Package: graphics 2019/11/30 v1.4a Standard LaTeX Graphics (DPC,SPQR)

(/usr/share/texlive/texmf-dist/tex/latex/graphics/trig.sty
Package: trig 2016/01/03 v1.10 sin cos tan (DPC)
)
(/usr/share/texlive/texmf-dist/tex/latex/graphics-cfg/graphics.cfg
File: graphics.cfg 2016/06/04 v1.11 sample graphics configuration
)
Package graphics Info: Driver file: pdftex.def on input line 105.

(/usr/share/texlive/texmf-dist/tex/latex/graphics-def/pdftex.def
File: pdftex.def 2018/01/08 v1.0l Graphics/color driver for pdftex
))
\Gin@req@height=\dimen158
\Gin@req@width=\dimen159
)
(/usr/share/texlive/texmf-dist/tex/latex/pgf/systemlayer/pgfsys.sty
(/usr/share/texlive/texmf-dist/tex/latex/pgf/utilities/pgfrcs.sty
(/usr/share/texlive/texmf-dist/tex/generic/pgf/utilities/pgfutil-common.tex
\pgfutil@everybye=\toks16
\pgfutil@tempdima=\dimen160
\pgfutil@tempdimb=\dimen161

(/usr/share/texlive/texmf-dist/tex/generic/pgf/utilities/pgfutil-common-lists.t
ex)) (/usr/share/texlive/texmf-dist/tex/generic/pgf/utilities/pgfutil-latex.def
\pgfutil@abb=\box54
(/usr/share/texlive/texmf-dist/tex/latex/ms/everyshi.sty
Package: everyshi 2001/05/15 v3.00 EveryShipout Package (MS)
))
(/usr/share/texlive/texmf-dist/tex/generic/pgf/utilities/pgfrcs.code.tex
(/usr/share/texlive/texmf-dist/tex/generic/pgf/pgf.revision.tex)
Package: pgfrcs 2020/01/08 v3.1.5b (3.1.5b)
))
(/usr/share/texlive/texmf-dist/tex/generic/pgf/systemlayer/pgfsys.code.tex
Package: pgfsys 2020/01/08 v3.1.5b (3.1.5b)

(/usr/share/texlive/texmf-dist/tex/generic/pgf/utilities/pgfkeys.code.tex
\pgfkeys@pathtoks=\toks17
\pgfkeys@temptoks=\toks18

(/usr/share/texlive/texmf-dist/tex/generic/pgf/utilities/pgfkeysfiltered.code.t
ex
\pgfkeys@tmptoks=\toks19
))
\pgf@x=\dimen162
\pgf@y=\dimen163
\pgf@xa=\dimen164
\pgf@ya=\dimen165
\pgf@xb=\dimen166
\pgf@yb=\dimen167
\pgf@xc=\dimen168
\pgf@yc=\dimen169
\pgf@xd=\dimen170
\pgf@yd=\dimen171
\w@pgf@writea=\write3
\r@pgf@reada=\read2
\c@pgf@counta=\count195
\c@pgf@countb=\count196
\c@pgf@countc=\count197
\c@pgf@countd=\count198
\t@pgf@toka=\toks20
\t@pgf@tokb=\toks21
\t@pgf@tokc=\toks22
\pgf@sys@id@count=\count199
 (/usr/share/texlive/texmf-dist/tex/generic/pgf/systemlayer/pgf.cfg
File: pgf.cfg 2020/01/08 v3.1.5b (3.1.5b)
)
Driver file for pgf: pgfsys-pdftex.def

(/usr/share/texlive/texmf-dist/tex/generic/pgf/systemlayer/pgfsys-pdftex.def
File: pgfsys-pdftex.def 2020/01/08 v3.1.5b (3.1.5b)

(/usr/share/texlive/texmf-dist/tex/generic/pgf/systemlayer/pgfsys-common-pdf.de
f
File: pgfsys-common-pdf.def 2020/01/08 v3.1.5b (3.1.5b)
)))
(/usr/share/texlive/texmf-dist/tex/generic/pgf/systemlayer/pgfsyssoftpath.code.
tex
File: pgfsyssoftpath.code.tex 2020/01/08 v3.1.5b (3.1.5b)
\pgfsyssoftpath@smallbuffer@items=\count266
\pgfsyssoftpath@bigbuffer@items=\count267
)
(/usr/share/texlive/texmf-dist/tex/generic/pgf/systemlayer/pgfsysprotocol.code.
tex
File: pgfsysprotocol.code.tex 2020/01/08 v3.1.5b (3.1.5b)
)) (/usr/share/texlive/texmf-dist/tex/latex/xcolor/xcolor.sty
Package: xcolor 2016/05/11 v2.12 LaTeX color extensions (UK)

(/usr/share/texlive/texmf-dist/tex/latex/graphics-cfg/color.cfg
File: color.cfg 2016/01/02 v1.6 sample color configuration
)
Package xcolor Info: Driver file: pdftex.def on input line 225.
Package xcolor Info: Model `cmy' substituted by `cmy0' on input line 1348.
Package xcolor Info: Model `hsb' substituted by `rgb' on input line 1352.
Package xcolor Info: Model `RGB' extended on input line 1364.
Package xcolor Info: Model `HTML' substituted by `rgb' on input line 1366.
Package xcolor Info: Model `Hsb' substituted by `hsb' on input line 1367.
Package xcolor Info: Model `tHsb' substituted by `hsb' on input line 1368.
Package xcolor Info: Model `HSB' substituted by `hsb' on input line 1369.
Package xcolor Info: Model `Gray' substituted by `gray' on input line 1370.
Package xcolor Info: Model `wave' substituted by `hsb' on input line 1371.
)
(/usr/share/texlive/texmf-dist/tex/generic/pgf/basiclayer/pgfcore.code.tex
Package: pgfcore 2020/01/08 v3.1.5b (3.1.5b)

(/usr/share/texlive/texmf-dist/tex/generic/pgf/math/pgfmath.code.tex
(/usr/share/texlive/texmf-dist/tex/generic/pgf/math/pgfmathcalc.code.tex
(/usr/share/texlive/texmf-dist/tex/generic/pgf/math/pgfmathutil.code.tex)
(/usr/share/texlive/texmf-dist/tex/generic/pgf/math/pgfmathparser.code.tex
\pgfmath@dimen=\dimen172
\pgfmath@count=\count268
\pgfmath@box=\box55
\pgfmath@toks=\toks23
\pgfmath@stack@operand=\toks24
\pgfmath@stack@operation=\toks25
)
(/usr/share/texlive/texmf-dist/tex/generic/pgf/math/pgfmathfunctions.code.tex
(/usr/share/texlive/texmf-dist/tex/generic/pgf/math/pgfmathfunctions.basic.code
.tex)
(/usr/share/texlive/texmf-dist/tex/generic/pgf/math/pgfmathfunctions.trigonomet
ric.code.tex)
(/usr/share/texlive/texmf-dist/tex/generic/pgf/math/pgfmathfunctions.random.cod
e.tex)
(/usr/share/texlive/texmf-dist/tex/generic/pgf/math/pgfmathfunctions.comparison
.code.tex)
(/usr/share/texlive/texmf-dist/tex/generic/pgf/math/pgfmathfunctions.base.code.
tex)
(/usr/share/texlive/texmf-dist/tex/generic/pgf/math/pgfmathfunctions.round.code
.tex)
(/usr/share/texlive/texmf-dist/tex/generic/pgf/math/pgfmathfunctions.misc.code.
tex)
(/usr/share/texlive/texmf-dist/tex/generic/pgf/math/pgfmathfunctions.integerari
thmetics.code.tex)))
(/usr/share/texlive/texmf-dist/tex/generic/pgf/math/pgfmathfloat.code.tex
\c@pgfmathroundto@lastzeros=\count269
))
(/usr/share/texlive/texmf-dist/tex/generic/pgf/math/pgfint.code.tex)
(/usr/share/texlive/texmf-dist/tex/generic/pgf/basiclayer/pgfcorepoints.code.te
x
File: pgfcorepoints.code.tex 2020/01/08 v3.1.5b (3.1.5b)
\pgf@picminx=\dimen173
\pgf@picmaxx=\dimen174
\pgf@picminy=\dimen175
\pgf@picmaxy=\dimen176
\pgf@pathminx=\dimen177
\pgf@pathmaxx=\dimen178
\pgf@pathminy=\dimen179
\pgf@pathmaxy=\dimen180
\pgf@xx=\dimen181
\pgf@xy=\dimen182
\pgf@yx=\dimen183
\pgf@yy=\dimen184
\pgf@zx=\dimen185
\pgf@zy=\dimen186
)
(/usr/share/texlive/texmf-dist/tex/generic/pgf/basiclayer/pgfcorepathconstruct.
code.tex
File: pgfcorepathconstruct.code.tex 2020/01/08 v3.1.5b (3.1.5b)
\pgf@path@lastx=\dimen187
\pgf@path@lasty=\dimen188
)
(/usr/share/texlive/texmf-dist/tex/generic/pgf/basiclayer/pgfcorepathusage.code
.tex
File: pgfcorepathusage.code.tex 2020/01/08 v3.1.5b (3.1.5b)
\pgf@shorten@end@additional=\dimen189
\pgf@shorten@start@additional=\dimen190
)
(/usr/share/texlive/texmf-dist/tex/generic/pgf/basiclayer/pgfcorescopes.code.te
x
File: pgfcorescopes.code.tex 2020/01/08 v3.1.5b (3.1.5b)
\pgfpic=\box56
\pgf@hbox=\box57
\pgf@layerbox@main=\box58
\pgf@picture@serial@count=\count270
)
(/usr/share/texlive/texmf-dist/tex/generic/pgf/basiclayer/pgfcoregraphicstate.c
ode.tex
File: pgfcoregraphicstate.code.tex 2020/01/08 v3.1.5b (3.1.5b)
\pgflinewidth=\dimen191
)
(/usr/share/texlive/texmf-dist/tex/generic/pgf/basiclayer/pgfcoretransformation
s.code.tex
File: pgfcoretransformations.code.tex 2020/01/08 v3.1.5b (3.1.5b)
\pgf@pt@x=\dimen192
\pgf@pt@y=\dimen193
\pgf@pt@temp=\dimen194
)
(/usr/share/texlive/texmf-dist/tex/generic/pgf/basiclayer/pgfcorequick.code.tex
File: pgfcorequick.code.tex 2020/01/08 v3.1.5b (3.1.5b)
)
(/usr/share/texlive/texmf-dist/tex/generic/pgf/basiclayer/pgfcoreobjects.code.t
ex
File: pgfcoreobjects.code.tex 2020/01/08 v3.1.5b (3.1.5b)
)
(/usr/share/texlive/texmf-dist/tex/generic/pgf/basiclayer/pgfcorepathprocessing
.code.tex
File: pgfcorepathprocessing.code.tex 2020/01/08 v3.1.5b (3.1.5b)
)
(/usr/share/texlive/texmf-dist/tex/generic/pgf/basiclayer/pgfcorearrows.code.te
x
File: pgfcorearrows.code.tex 2020/01/08 v3.1.5b (3.1.5b)
\pgfarrowsep=\dimen195
)
(/usr/share/texlive/texmf-dist/tex/generic/pgf/basiclayer/pgfcoreshade.code.tex
File: pgfcoreshade.code.tex 2020/01/08 v3.1.5b (3.1.5b)
\pgf@max=\dimen196
\pgf@sys@shading@range@num=\count271
\pgf@shadingcount=\count272
)
(/usr/share/texlive/texmf-dist/tex/generic/pgf/basiclayer/pgfcoreimage.code.tex
File: pgfcoreimage.code.tex 2020/01/08 v3.1.5b (3.1.5b)

(/usr/share/texlive/texmf-dist/tex/generic/pgf/basiclayer/pgfcoreexternal.code.
tex
File: pgfcoreexternal.code.tex 2020/01/08 v3.1.5b (3.1.5b)
\pgfexternal@startupbox=\box59
))
(/usr/share/texlive/texmf-dist/tex/generic/pgf/basiclayer/pgfcorelayers.code.te
x
File: pgfcorelayers.code.tex 2020/01/08 v3.1.5b (3.1.5b)
)
(/usr/share/texlive/texmf-dist/tex/generic/pgf/basiclayer/pgfcoretransparency.c
ode.tex
File: pgfcoretransparency.code.tex 2020/01/08 v3.1.5b (3.1.5b)
)
(/usr/share/texlive/texmf-dist/tex/generic/pgf/basiclayer/pgfcorepatterns.code.
tex
File: pgfcorepatterns.code.tex 2020/01/08 v3.1.5b (3.1.5b)
)
(/usr/share/texlive/texmf-dist/tex/generic/pgf/basiclayer/pgfcorerdf.code.tex
File: pgfcorerdf.code.tex 2020/01/08 v3.1.5b (3.1.5b)
))) (/usr/share/texlive/texmf-dist/tex/latex/pgf/utilities/xxcolor.sty
Package: xxcolor 2003/10/24 ver 0.1
\XC@nummixins=\count273
\XC@countmixins=\count274
)
(/usr/share/texlive/texmf-dist/tex/generic/atbegshi/atbegshi.sty
Package: atbegshi 2019/12/05 v1.19 At begin shipout hook (HO)

(/usr/share/texlive/texmf-dist/tex/generic/infwarerr/infwarerr.sty
Package: infwarerr 2019/12/03 v1.5 Providing info/warning/error messages (HO)
)
(/usr/share/texlive/texmf-dist/tex/generic/ltxcmds/ltxcmds.sty
Package: ltxcmds 2019/12/15 v1.24 LaTeX kernel commands for general use (HO)
))
(/usr/share/texlive/texmf-dist/tex/latex/hyperref/hyperref.sty
Package: hyperref 2020/01/14 v7.00d Hypertext links for LaTeX

(/usr/share/texlive/texmf-dist/tex/latex/pdftexcmds/pdftexcmds.sty
Package: pdftexcmds 2019/11/24 v0.31 Utility functions of pdfTeX for LuaTeX (HO
)
Package pdftexcmds Info: \pdf@primitive is available.
Package pdftexcmds Info: \pdf@ifprimitive is available.
Package pdftexcmds Info: \pdfdraftmode found.
)
(/usr/share/texlive/texmf-dist/tex/generic/kvsetkeys/kvsetkeys.sty
Package: kvsetkeys 2019/12/15 v1.18 Key value parser (HO)
)
(/usr/share/texlive/texmf-dist/tex/generic/kvdefinekeys/kvdefinekeys.sty
Package: kvdefinekeys 2019-12-19 v1.6 Define keys (HO)
)
(/usr/share/texlive/texmf-dist/tex/generic/pdfescape/pdfescape.sty
Package: pdfescape 2019/12/09 v1.15 Implements pdfTeX's escape features (HO)
)
(/usr/share/texlive/texmf-dist/tex/latex/hycolor/hycolor.sty
Package: hycolor 2020-01-27 v1.10 Color options for hyperref/bookmark (HO)
)
(/usr/share/texlive/texmf-dist/tex/latex/letltxmacro/letltxmacro.sty
Package: letltxmacro 2019/12/03 v1.6 Let assignment for LaTeX macros (HO)
)
(/usr/share/texlive/texmf-dist/tex/latex/auxhook/auxhook.sty
Package: auxhook 2019-12-17 v1.6 Hooks for auxiliary files (HO)
)
(/usr/share/texlive/texmf-dist/tex/latex/kvoptions/kvoptions.sty
Package: kvoptions 2019/11/29 v3.13 Key value format for package options (HO)
)
\@linkdim=\dimen197
\Hy@linkcounter=\count275
\Hy@pagecounter=\count276

(/usr/share/texlive/texmf-dist/tex/latex/hyperref/pd1enc.def
File: pd1enc.def 2020/01/14 v7.00d Hyperref: PDFDocEncoding definition (HO)
Now handling font encoding PD1 ...
... no UTF-8 mapping file for font encoding PD1
)
(/usr/share/texlive/texmf-dist/tex/generic/intcalc/intcalc.sty
Package: intcalc 2019/12/15 v1.3 Expandable calculations with integers (HO)
)
(/usr/share/texlive/texmf-dist/tex/generic/etexcmds/etexcmds.sty
Package: etexcmds 2019/12/15 v1.7 Avoid name clashes with e-TeX commands (HO)
)
\Hy@SavedSpaceFactor=\count277
\pdfmajorversion=\count278
Package hyperref Info: Option `bookmarks' set `true' on input line 4421.
Package hyperref Info: Option `bookmarksopen' set `true' on input line 4421.
Package hyperref Info: Option `implicit' set `false' on input line 4421.
Package hyperref Info: Hyper figures OFF on input line 4547.
Package hyperref Info: Link nesting OFF on input line 4552.
Package hyperref Info: Hyper index ON on input line 4555.
Package hyperref Info: Plain pages OFF on input line 4562.
Package hyperref Info: Backreferencing OFF on input line 4567.
Package hyperref Info: Implicit mode OFF; no redefinition of LaTeX internals.
Package hyperref Info: Bookmarks ON on input line 4800.
\c@Hy@tempcnt=\count279

(/usr/share/texlive/texmf-dist/tex/latex/url/url.sty
\Urlmuskip=\muskip16
Package: url 2013/09/16  ver 3.4  Verb mode for urls, etc.
)
LaTeX Info: Redefining \url on input line 5159.
\XeTeXLinkMargin=\dimen198

(/usr/share/texlive/texmf-dist/tex/generic/bitset/bitset.sty
Package: bitset 2019/12/09 v1.3 Handle bit-vector datatype (HO)

(/usr/share/texlive/texmf-dist/tex/generic/bigintcalc/bigintcalc.sty
Package: bigintcalc 2019/12/15 v1.5 Expandable calculations on big integers (HO
)
))
\Fld@menulength=\count280
\Field@Width=\dimen199
\Fld@charsize=\dimen256
Package hyperref Info: Hyper figures OFF on input line 6430.
Package hyperref Info: Link nesting OFF on input line 6435.
Package hyperref Info: Hyper index ON on input line 6438.
Package hyperref Info: backreferencing OFF on input line 6445.
Package hyperref Info: Link coloring OFF on input line 6450.
Package hyperref Info: Link coloring with OCG OFF on input line 6455.
Package hyperref Info: PDF/A mode OFF on input line 6460.
LaTeX Info: Redefining \ref on input line 6500.
LaTeX Info: Redefining \pageref on input line 6504.
\Hy@abspage=\count281


Package hyperref Message: Stopped early.

)
Package hyperref Info: Driver (autodetected): hpdftex.
 (/usr/share/texlive/texmf-dist/tex/latex/hyperref/hpdftex.def
File: hpdftex.def 2020/01/14 v7.00d Hyperref driver for pdfTeX

(/usr/share/texlive/texmf-dist/tex/latex/atveryend/atveryend.sty
Package: atveryend 2019-12-11 v1.11 Hooks at the very end of document (HO)
)
\Fld@listcount=\count282
\c@bookmark@seq@number=\count283

(/usr/share/texlive/texmf-dist/tex/latex/rerunfilecheck/rerunfilecheck.sty
Package: rerunfilecheck 2019/12/05 v1.9 Rerun checks for auxiliary files (HO)

(/usr/share/texlive/texmf-dist/tex/generic/uniquecounter/uniquecounter.sty
Package: uniquecounter 2019/12/15 v1.4 Provide unlimited unique counter (HO)
)
Package uniquecounter Info: New unique counter `rerunfilecheck' on input line 2
86.
))
(/usr/share/texlive/texmf-dist/tex/latex/beamer/beamerbaserequires.sty
(/usr/share/texlive/texmf-dist/tex/latex/beamer/beamerbasecompatibility.sty)
(/usr/share/texlive/texmf-dist/tex/latex/beamer/beamerbasefont.sty
(/usr/share/texlive/texmf-dist/tex/latex/amsfonts/amssymb.sty
Package: amssymb 2013/01/14 v3.01 AMS font symbols

(/usr/share/texlive/texmf-dist/tex/latex/amsfonts/amsfonts.sty
Package: amsfonts 2013/01/14 v3.01 Basic AMSFonts support
\@emptytoks=\toks26
\symAMSa=\mathgroup4
\symAMSb=\mathgroup5
LaTeX Font Info:    Redeclaring math symbol \hbar on input line 98.
LaTeX Font Info:    Overwriting math alphabet `\mathfrak' in version `bold'
(Font)                  U/euf/m/n --> U/euf/b/n on input line 106.
))
(/usr/share/texlive/texmf-dist/tex/latex/sansmathaccent/sansmathaccent.sty
Package: sansmathaccent 2020/01/31

(/usr/share/texlive/texmf-dist/tex/latex/koma-script/scrlfile.sty
Package: scrlfile 2020/01/24 v3.29 KOMA-Script package (loading files)
)))
(/usr/share/texlive/texmf-dist/tex/latex/beamer/beamerbasetranslator.sty
(/usr/share/texlive/texmf-dist/tex/latex/translator/translator.sty
Package: translator 2019-05-31 v1.12a Easy translation of strings in LaTeX
))
(/usr/share/texlive/texmf-dist/tex/latex/beamer/beamerbasemisc.sty)
(/usr/share/texlive/texmf-dist/tex/latex/beamer/beamerbasetwoscreens.sty)
(/usr/share/texlive/texmf-dist/tex/latex/beamer/beamerbaseoverlay.sty
\beamer@argscount=\count284
\beamer@lastskipcover=\skip50
\beamer@trivlistdepth=\count285
)
(/usr/share/texlive/texmf-dist/tex/latex/beamer/beamerbasetitle.sty)
(/usr/share/texlive/texmf-dist/tex/latex/beamer/beamerbasesection.sty
\c@lecture=\count286
\c@part=\count287
\c@section=\count288
\c@subsection=\count289
\c@subsubsection=\count290
)
(/usr/share/texlive/texmf-dist/tex/latex/beamer/beamerbaseframe.sty
\beamer@framebox=\box60
\beamer@frametitlebox=\box61
\beamer@zoombox=\box62
\beamer@zoomcount=\count291
\beamer@zoomframecount=\count292
\beamer@frametextheight=\dimen257
\c@subsectionslide=\count293
\beamer@frametopskip=\skip51
\beamer@framebottomskip=\skip52
\beamer@frametopskipautobreak=\skip53
\beamer@framebottomskipautobreak=\skip54
\beamer@envbody=\toks27
\framewidth=\dimen258
\c@framenumber=\count294
)
(/usr/share/texlive/texmf-dist/tex/latex/beamer/beamerbaseverbatim.sty
\beamer@verbatimfileout=\write4
)
(/usr/share/texlive/texmf-dist/tex/latex/beamer/beamerbaseframesize.sty
\beamer@splitbox=\box63
\beamer@autobreakcount=\count295
\beamer@autobreaklastheight=\dimen259
\beamer@frametitletoks=\toks28
\beamer@framesubtitletoks=\toks29
)
(/usr/share/texlive/texmf-dist/tex/latex/beamer/beamerbaseframecomponents.sty
\beamer@footins=\box64
)
(/usr/share/texlive/texmf-dist/tex/latex/beamer/beamerbasecolor.sty)
(/usr/share/texlive/texmf-dist/tex/latex/beamer/beamerbasenotes.sty
\beamer@frameboxcopy=\box65
)
(/usr/share/texlive/texmf-dist/tex/latex/beamer/beamerbasetoc.sty)
(/usr/share/texlive/texmf-dist/tex/latex/beamer/beamerbasetemplates.sty
\beamer@sbttoks=\toks30

(/usr/share/texlive/texmf-dist/tex/latex/beamer/beamerbaseauxtemplates.sty
(/usr/share/texlive/texmf-dist/tex/latex/beamer/beamerbaseboxes.sty
\bmb@box=\box66
\bmb@colorbox=\box67
\bmb@boxshadow=\box68
\bmb@boxshadowball=\box69
\bmb@boxshadowballlarge=\box70
\bmb@temp=\dimen260
\bmb@dima=\dimen261
\bmb@dimb=\dimen262
\bmb@prevheight=\dimen263
)
\beamer@blockheadheight=\dimen264
))
(/usr/share/texlive/texmf-dist/tex/latex/beamer/beamerbaselocalstructure.sty
(/usr/share/texlive/texmf-dist/tex/latex/tools/enumerate.sty
Package: enumerate 2015/07/23 v3.00 enumerate extensions (DPC)
\@enLab=\toks31
)
\c@figure=\count296
\c@table=\count297
\abovecaptionskip=\skip55
\belowcaptionskip=\skip56
)
(/usr/share/texlive/texmf-dist/tex/latex/beamer/beamerbasenavigation.sty
\beamer@section@min@dim=\dimen265
)
(/usr/share/texlive/texmf-dist/tex/latex/beamer/beamerbasetheorems.sty
(/usr/share/texlive/texmf-dist/tex/latex/amsmath/amsmath.sty
Package: amsmath 2020/01/20 v2.17e AMS math features
\@mathmargin=\skip57

For additional information on amsmath, use the `?' option.
(/usr/share/texlive/texmf-dist/tex/latex/amsmath/amstext.sty
Package: amstext 2000/06/29 v2.01 AMS text

(/usr/share/texlive/texmf-dist/tex/latex/amsmath/amsgen.sty
File: amsgen.sty 1999/11/30 v2.0 generic functions
\@emptytoks=\toks32
\ex@=\dimen266
))
(/usr/share/texlive/texmf-dist/tex/latex/amsmath/amsbsy.sty
Package: amsbsy 1999/11/29 v1.2d Bold Symbols
\pmbraise@=\dimen267
)
(/usr/share/texlive/texmf-dist/tex/latex/amsmath/amsopn.sty
Package: amsopn 2016/03/08 v2.02 operator names
)
\inf@bad=\count298
LaTeX Info: Redefining \frac on input line 227.
\uproot@=\count299
\leftroot@=\count300
LaTeX Info: Redefining \overline on input line 389.
\classnum@=\count301
\DOTSCASE@=\count302
LaTeX Info: Redefining \ldots on input line 486.
LaTeX Info: Redefining \dots on input line 489.
LaTeX Info: Redefining \cdots on input line 610.
\Mathstrutbox@=\box71
\strutbox@=\box72
\big@size=\dimen268
LaTeX Font Info:    Redeclaring font encoding OML on input line 733.
LaTeX Font Info:    Redeclaring font encoding OMS on input line 734.
\macc@depth=\count303
\c@MaxMatrixCols=\count304
\dotsspace@=\muskip17
\c@parentequation=\count305
\dspbrk@lvl=\count306
\tag@help=\toks33
\row@=\count307
\column@=\count308
\maxfields@=\count309
\andhelp@=\toks34
\eqnshift@=\dimen269
\alignsep@=\dimen270
\tagshift@=\dimen271
\tagwidth@=\dimen272
\totwidth@=\dimen273
\lineht@=\dimen274
\@envbody=\toks35
\multlinegap=\skip58
\multlinetaggap=\skip59
\mathdisplay@stack=\toks36
LaTeX Info: Redefining \[ on input line 2859.
LaTeX Info: Redefining \] on input line 2860.
)
(/usr/share/texlive/texmf-dist/tex/latex/amscls/amsthm.sty
Package: amsthm 2017/10/31 v2.20.4
\thm@style=\toks37
\thm@bodyfont=\toks38
\thm@headfont=\toks39
\thm@notefont=\toks40
\thm@headpunct=\toks41
\thm@preskip=\skip60
\thm@postskip=\skip61
\thm@headsep=\skip62
\dth@everypar=\toks42
)
\c@theorem=\count310
)
(/usr/share/texlive/texmf-dist/tex/latex/beamer/beamerbasethemes.sty))
(/usr/share/texlive/texmf-dist/tex/latex/beamer/beamerthemedefault.sty
(/usr/share/texlive/texmf-dist/tex/latex/beamer/beamerfontthemedefault.sty)
(/usr/share/texlive/texmf-dist/tex/latex/beamer/beamercolorthemedefault.sty)
(/usr/share/texlive/texmf-dist/tex/latex/beamer/beamerinnerthemedefault.sty
\beamer@dima=\dimen275
\beamer@dimb=\dimen276
)
(/usr/share/texlive/texmf-dist/tex/latex/beamer/beamerouterthemedefault.sty)))
(/usr/share/texlive/texmf-dist/tex/latex/base/fontenc.sty
Package: fontenc 2020/02/11 v2.0o Standard LaTeX package
)
(/usr/share/texlive/texmf-dist/tex/generic/babel/babel.sty
Package: babel 2020/02/14 3.40 The Babel package

(/usr/share/texlive/texmf-dist/tex/generic/babel/switch.def
File: switch.def 2020/02/14 3.40 Babel switching mechanism
)
(/usr/share/texlive/texmf-dist/tex/generic/babel-portuges/portuges.ldf
Language: portuges 2008/03/18 v1.2q Portuguese support from the babel system

(/usr/share/texlive/texmf-dist/tex/generic/babel/babel.def
File: babel.def 2020/02/14 3.40 Babel common definitions
\babel@savecnt=\count311
\U@D=\dimen277

(/usr/share/texlive/texmf-dist/tex/generic/babel/txtbabel.def)
\bbl@readstream=\read3
LaTeX Info: Redefining \textlatin on input line 2319.
\bbl@dirlevel=\count312
)
Package babel Info: \l@brazil = using hyphenrules for portuguese
(babel)             (\language9) on input line 113.
Package babel Info: Making " an active character on input line 145.
))
(/usr/share/texlive/texmf-dist/tex/latex/base/inputenc.sty
Package: inputenc 2018/08/11 v1.3c Input encoding file
\inpenc@prehook=\toks43
\inpenc@posthook=\toks44
)
(/usr/share/texlive/texmf-dist/tex/latex/pdfpages/pdfpages.sty
Package: pdfpages 2020/01/28 v0.5q Insert pages of external PDF documents (AM)

(/usr/share/texlive/texmf-dist/tex/latex/base/ifthen.sty
Package: ifthen 2014/09/29 v1.1c Standard LaTeX ifthen package (DPC)
)
(/usr/share/texlive/texmf-dist/tex/latex/tools/calc.sty
Package: calc 2017/05/25 v4.3 Infix arithmetic (KKT,FJ)
\calc@Acount=\count313
\calc@Bcount=\count314
\calc@Adimen=\dimen278
\calc@Bdimen=\dimen279
\calc@Askip=\skip63
\calc@Bskip=\skip64
LaTeX Info: Redefining \setlength on input line 80.
LaTeX Info: Redefining \addtolength on input line 81.
\calc@Ccount=\count315
\calc@Cskip=\skip65
)
(/usr/share/texlive/texmf-dist/tex/latex/eso-pic/eso-pic.sty
Package: eso-pic 2018/04/12 v2.0h eso-pic (RN)
)
\AM@pagewidth=\dimen280
\AM@pageheight=\dimen281

(/usr/share/texlive/texmf-dist/tex/latex/pdfpages/pppdftex.def
File: pppdftex.def 2020/01/28 v0.5q Pdfpages driver for pdfTeX (AM)
)
\AM@pagebox=\box73
\AM@global@opts=\toks45
\AM@pagecnt=\count316
\AM@toc@title=\toks46
\c@AM@survey=\count317
\AM@templatesizebox=\box74
)
(/usr/share/texlive/texmf-dist/tex/latex/placeins/placeins.sty
Package: placeins 2005/04/18  v 2.2
)
(/usr/share/texlive/texmf-dist/tex/latex/booktabs/booktabs.sty
Package: booktabs 2020/01/12 v1.61803398 Publication quality tables
\heavyrulewidth=\dimen282
\lightrulewidth=\dimen283
\cmidrulewidth=\dimen284
\belowrulesep=\dimen285
\belowbottomsep=\dimen286
\aboverulesep=\dimen287
\abovetopsep=\dimen288
\cmidrulesep=\dimen289
\cmidrulekern=\dimen290
\defaultaddspace=\dimen291
\@cmidla=\count318
\@cmidlb=\count319
\@aboverulesep=\dimen292
\@belowrulesep=\dimen293
\@thisruleclass=\count320
\@lastruleclass=\count321
\@thisrulewidth=\dimen294
)
(./beamerthemeInf.sty
(/usr/share/texlive/texmf-dist/tex/latex/pgf/basiclayer/pgf.sty
Package: pgf 2020/01/08 v3.1.5b (3.1.5b)

(/usr/share/texlive/texmf-dist/tex/generic/pgf/modules/pgfmoduleshapes.code.tex
File: pgfmoduleshapes.code.tex 2020/01/08 v3.1.5b (3.1.5b)
\pgfnodeparttextbox=\box75
) (/usr/share/texlive/texmf-dist/tex/generic/pgf/modules/pgfmoduleplot.code.tex
File: pgfmoduleplot.code.tex 2020/01/08 v3.1.5b (3.1.5b)
)
(/usr/share/texlive/texmf-dist/tex/latex/pgf/compatibility/pgfcomp-version-0-65
.sty
Package: pgfcomp-version-0-65 2020/01/08 v3.1.5b (3.1.5b)
\pgf@nodesepstart=\dimen295
\pgf@nodesepend=\dimen296
)
(/usr/share/texlive/texmf-dist/tex/latex/pgf/compatibility/pgfcomp-version-1-18
.sty
Package: pgfcomp-version-1-18 2020/01/08 v3.1.5b (3.1.5b)
)) (/usr/share/texlive/texmf-dist/tex/latex/textcase/textcase.sty
Package: textcase 2019/09/14 v1.00 Text only upper/lower case changing (DPC)
)
(/usr/share/texlive/texmf-dist/tex/latex/microtype/microtype.sty
Package: microtype 2019/11/18 v2.7d Micro-typographical refinements (RS)
\MT@toks=\toks47
\MT@count=\count322
LaTeX Info: Redefining \textls on input line 790.
\MT@outer@kern=\dimen297
LaTeX Info: Redefining \textmicrotypecontext on input line 1354.
\MT@listname@count=\count323

(/usr/share/texlive/texmf-dist/tex/latex/microtype/microtype-pdftex.def
File: microtype-pdftex.def 2019/11/18 v2.7d Definitions specific to pdftex (RS)

LaTeX Info: Redefining \lsstyle on input line 914.
LaTeX Info: Redefining \lslig on input line 914.
\MT@outer@space=\skip66
)
Package microtype Info: Loading configuration file microtype.cfg.

(/usr/share/texlive/texmf-dist/tex/latex/microtype/microtype.cfg
File: microtype.cfg 2019/11/18 v2.7d microtype main configuration file (RS)
))
(/usr/share/texlive/texmf-dist/tex/latex/ifsym/ifsym.sty
Package: ifsym 2000/04/18 I.Kloeckl
\c@ifsymcnt=\count324
)
(/usr/share/texmf/tex/latex/lm/lmodern.sty
Package: lmodern 2009/10/30 v1.6 Latin Modern Fonts
LaTeX Font Info:    Overwriting symbol font `operators' in version `normal'
(Font)                  OT1/cmr/m/n --> OT1/lmr/m/n on input line 22.
LaTeX Font Info:    Overwriting symbol font `letters' in version `normal'
(Font)                  OML/cmm/m/it --> OML/lmm/m/it on input line 23.
LaTeX Font Info:    Overwriting symbol font `symbols' in version `normal'
(Font)                  OMS/cmsy/m/n --> OMS/lmsy/m/n on input line 24.
LaTeX Font Info:    Overwriting symbol font `largesymbols' in version `normal'
(Font)                  OMX/cmex/m/n --> OMX/lmex/m/n on input line 25.
LaTeX Font Info:    Overwriting symbol font `operators' in version `bold'
(Font)                  OT1/cmr/bx/n --> OT1/lmr/bx/n on input line 26.
LaTeX Font Info:    Overwriting symbol font `letters' in version `bold'
(Font)                  OML/cmm/b/it --> OML/lmm/b/it on input line 27.
LaTeX Font Info:    Overwriting symbol font `symbols' in version `bold'
(Font)                  OMS/cmsy/b/n --> OMS/lmsy/b/n on input line 28.
LaTeX Font Info:    Overwriting symbol font `largesymbols' in version `bold'
(Font)                  OMX/cmex/m/n --> OMX/lmex/m/n on input line 29.
LaTeX Font Info:    Overwriting math alphabet `\mathbf' in version `normal'
(Font)                  OT1/cmr/bx/n --> OT1/lmr/bx/n on input line 31.
LaTeX Font Info:    Overwriting math alphabet `\mathsf' in version `normal'
(Font)                  OT1/cmss/m/n --> OT1/lmss/m/n on input line 32.
LaTeX Font Info:    Overwriting math alphabet `\mathit' in version `normal'
(Font)                  OT1/cmr/m/it --> OT1/lmr/m/it on input line 33.
LaTeX Font Info:    Overwriting math alphabet `\mathtt' in version `normal'
(Font)                  OT1/cmtt/m/n --> OT1/lmtt/m/n on input line 34.
LaTeX Font Info:    Overwriting math alphabet `\mathbf' in version `bold'
(Font)                  OT1/cmr/bx/n --> OT1/lmr/bx/n on input line 35.
LaTeX Font Info:    Overwriting math alphabet `\mathsf' in version `bold'
(Font)                  OT1/cmss/bx/n --> OT1/lmss/bx/n on input line 36.
LaTeX Font Info:    Overwriting math alphabet `\mathit' in version `bold'
(Font)                  OT1/cmr/bx/it --> OT1/lmr/bx/it on input line 37.
LaTeX Font Info:    Overwriting math alphabet `\mathtt' in version `bold'
(Font)                  OT1/cmtt/m/n --> OT1/lmtt/m/n on input line 38.
)
(/usr/share/texlive/texmf-dist/tex/latex/setspace/setspace.sty
Package: setspace 2011/12/19 v6.7a set line spacing
)
\InfOutterTitleWidth=\skip67
\InfOutterTitleRightMargin=\skip68
\InfOutterTitleBottomMargin=\skip69
\InfOutterFrametitleWidth=\skip70

(/usr/share/texlive/texmf-dist/tex/latex/beamer/beamerfontthemeprofessionalfont
s.sty)
\InfOutterFrameLeftMargin=\skip71
)

Package hyperref Warning: Token not allowed in a PDF string (PDFDocEncoding):
(hyperref)                removing `\\' on input line 25.

(/usr/share/texlive/texmf-dist/tex/latex/l3backend/l3backend-pdfmode.def
File: l3backend-pdfmode.def 2020-02-03 L3 backend support: PDF mode
\l__kernel_color_stack_int=\count325
\l__pdf_internal_box=\box76
)
(./beamer.aux)
\openout1 = `beamer.aux'.

LaTeX Font Info:    Checking defaults for OML/cmm/m/it on input line 28.
LaTeX Font Info:    ... okay on input line 28.
LaTeX Font Info:    Checking defaults for OMS/cmsy/m/n on input line 28.
LaTeX Font Info:    ... okay on input line 28.
LaTeX Font Info:    Checking defaults for OT1/cmr/m/n on input line 28.
LaTeX Font Info:    ... okay on input line 28.
LaTeX Font Info:    Checking defaults for T1/cmr/m/n on input line 28.
LaTeX Font Info:    ... okay on input line 28.
LaTeX Font Info:    Checking defaults for TS1/cmr/m/n on input line 28.
LaTeX Font Info:    ... okay on input line 28.
LaTeX Font Info:    Checking defaults for OMX/cmex/m/n on input line 28.
LaTeX Font Info:    ... okay on input line 28.
LaTeX Font Info:    Checking defaults for U/cmr/m/n on input line 28.
LaTeX Font Info:    ... okay on input line 28.
LaTeX Font Info:    Checking defaults for PD1/pdf/m/n on input line 28.
LaTeX Font Info:    ... okay on input line 28.
LaTeX Font Info:    Trying to load font information for T1+lmss on input line 2
8.
 (/usr/share/texmf/tex/latex/lm/t1lmss.fd
File: t1lmss.fd 2009/10/30 v1.6 Font defs for Latin Modern
)
*geometry* driver: auto-detecting
*geometry* detected driver: pdftex
*geometry* verbose mode - [ preamble ] result:
* driver: pdftex
* paper: custom
* layout: <same size as paper>
* layoutoffset:(h,v)=(0.0pt,0.0pt)
* modes: includehead includefoot 
* h-part:(L,W,R)=(28.45274pt, 307.28987pt, 28.45274pt)
* v-part:(T,H,B)=(0.0pt, 273.14662pt, 0.0pt)
* \paperwidth=364.19536pt
* \paperheight=273.14662pt
* \textwidth=307.28987pt
* \textheight=244.6939pt
* \oddsidemargin=-43.81725pt
* \evensidemargin=-43.81725pt
* \topmargin=-72.26999pt
* \headheight=14.22636pt
* \headsep=0.0pt
* \topskip=11.0pt
* \footskip=14.22636pt
* \marginparwidth=4.0pt
* \marginparsep=10.0pt
* \columnsep=10.0pt
* \skip\footins=10.0pt plus 4.0pt minus 2.0pt
* \hoffset=0.0pt
* \voffset=0.0pt
* \mag=1000
* \@twocolumnfalse
* \@twosidefalse
* \@mparswitchfalse
* \@reversemarginfalse
* (1in=72.27pt=25.4mm, 1cm=28.453pt)

(/usr/share/texlive/texmf-dist/tex/context/base/mkii/supp-pdf.mkii
[Loading MPS to PDF converter (version 2006.09.02).]
\scratchcounter=\count326
\scratchdimen=\dimen298
\scratchbox=\box77
\nofMPsegments=\count327
\nofMParguments=\count328
\everyMPshowfont=\toks48
\MPscratchCnt=\count329
\MPscratchDim=\dimen299
\MPnumerator=\count330
\makeMPintoPDFobject=\count331
\everyMPtoPDFconversion=\toks49
) (/usr/share/texlive/texmf-dist/tex/latex/epstopdf-pkg/epstopdf-base.sty
Package: epstopdf-base 2020-01-24 v2.11 Base part for package epstopdf
Package epstopdf-base Info: Redefining graphics rule for `.eps' on input line 4
85.

(/usr/share/texlive/texmf-dist/tex/latex/latexconfig/epstopdf-sys.cfg
File: epstopdf-sys.cfg 2010/07/13 v1.3 Configuration of (r)epstopdf for TeX Liv
e
))
ABD: EveryShipout initializing macros
\AtBeginShipoutBox=\box78
Package hyperref Info: Link coloring OFF on input line 28.

(/usr/share/texlive/texmf-dist/tex/latex/hyperref/nameref.sty
Package: nameref 2019/09/16 v2.46 Cross-referencing by name of section

(/usr/share/texlive/texmf-dist/tex/latex/refcount/refcount.sty
Package: refcount 2019/12/15 v3.6 Data extraction from label references (HO)
)
(/usr/share/texlive/texmf-dist/tex/generic/gettitlestring/gettitlestring.sty
Package: gettitlestring 2019/12/15 v1.6 Cleanup title references (HO)
)
\c@section@level=\count332
)
LaTeX Info: Redefining \ref on input line 28.
LaTeX Info: Redefining \pageref on input line 28.
LaTeX Info: Redefining \nameref on input line 28.

(./beamer.out) (./beamer.out)
\@outlinefile=\write5
\openout5 = `beamer.out'.


(/usr/share/texlive/texmf-dist/tex/latex/translator/translator-basic-dictionary
-English.dict
Dictionary: translator-basic-dictionary, Language: English 
)
(/usr/share/texlive/texmf-dist/tex/latex/translator/translator-bibliography-dic
tionary-English.dict
Dictionary: translator-bibliography-dictionary, Language: English 
)
(/usr/share/texlive/texmf-dist/tex/latex/translator/translator-environment-dict
ionary-English.dict
Dictionary: translator-environment-dictionary, Language: English 
)
(/usr/share/texlive/texmf-dist/tex/latex/translator/translator-months-dictionar
y-English.dict
Dictionary: translator-months-dictionary, Language: English 
)
(/usr/share/texlive/texmf-dist/tex/latex/translator/translator-numbers-dictiona
ry-English.dict
Dictionary: translator-numbers-dictionary, Language: English 
)
(/usr/share/texlive/texmf-dist/tex/latex/translator/translator-theorem-dictiona
ry-English.dict
Dictionary: translator-theorem-dictionary, Language: English 
)
(/usr/share/texlive/texmf-dist/tex/latex/pdflscape/pdflscape.sty
Package: pdflscape 2019/12/05 v0.12 Display of landscape pages in PDF (HO)

(/usr/share/texlive/texmf-dist/tex/latex/graphics/lscape.sty
Package: lscape 2000/10/22 v3.01 Landscape Pages (DPC)
)
Package pdflscape Info: Auto-detected driver: pdftex on input line 81.
)
LaTeX Info: Redefining \microtypecontext on input line 28.
Package microtype Info: Generating PDF output.
Package microtype Info: Character protrusion enabled (level 2).
Package microtype Info: Using default protrusion set `alltext'.
Package microtype Info: Automatic font expansion enabled (level 2),
(microtype)             stretch: 20, shrink: 20, step: 1, non-selected.
Package microtype Info: Using default expansion set `basictext'.
LaTeX Info: Redefining \showhyphens on input line 28.
Package microtype Info: Tracking enabled.
Package microtype Info: Using default tracking set `smallcaps'.
Package microtype Info: No adjustment of interword spacing.
Package microtype Info: No adjustment of character kerning.
Package microtype Info: Loading generic protrusion settings for font family
(microtype)             `lmss' (encoding: T1).
(microtype)             For optimal results, create family-specific settings.
(microtype)             See the microtype manual for details.
 (./beamer.nav)
Overfull \hbox (2.12503pt too wide) in paragraph at lines 28--28
[][] 
 []


Package microtype Warning: tracking amount list `beamer.tex/28' will
(microtype)                override list `default' for 
(microtype)                font `OT1////' on input line 28.

LaTeX Font Info:    Trying to load font information for T1+phv on input line 28
.
(/usr/share/texlive/texmf-dist/tex/latex/psnfss/t1phv.fd
File: t1phv.fd 2001/06/04 scalable font definitions for T1/phv.
)
Package microtype Info: Loading generic protrusion settings for font family
(microtype)             `phv' (encoding: T1).
(microtype)             For optimal results, create family-specific settings.
(microtype)             See the microtype manual for details.
LaTeX Font Info:    Calculating math sizes for size <80> on input line 28.
LaTeX Font Info:    Trying to load font information for OT1+lmr on input line 2
8.

(/usr/share/texmf/tex/latex/lm/ot1lmr.fd
File: ot1lmr.fd 2009/10/30 v1.6 Font defs for Latin Modern
)
(/usr/share/texlive/texmf-dist/tex/latex/microtype/mt-cmr.cfg
File: mt-cmr.cfg 2013/05/19 v2.2 microtype config. file: Computer Modern Roman 
(RS)
)
LaTeX Font Info:    Trying to load font information for OML+lmm on input line 2
8.

(/usr/share/texmf/tex/latex/lm/omllmm.fd
File: omllmm.fd 2009/10/30 v1.6 Font defs for Latin Modern
)
LaTeX Font Info:    Trying to load font information for OMS+lmsy on input line 
28.

(/usr/share/texmf/tex/latex/lm/omslmsy.fd
File: omslmsy.fd 2009/10/30 v1.6 Font defs for Latin Modern
)
LaTeX Font Info:    Trying to load font information for OMX+lmex on input line 
28.

(/usr/share/texmf/tex/latex/lm/omxlmex.fd
File: omxlmex.fd 2009/10/30 v1.6 Font defs for Latin Modern
)
LaTeX Font Info:    External font `lmex10' loaded for size
(Font)              <80> on input line 28.
LaTeX Font Info:    External font `lmex10' loaded for size
(Font)              <55.99976> on input line 28.
LaTeX Font Info:    External font `lmex10' loaded for size
(Font)              <40> on input line 28.
LaTeX Font Info:    Trying to load font information for U+msa on input line 28.


(/usr/share/texlive/texmf-dist/tex/latex/amsfonts/umsa.fd
File: umsa.fd 2013/01/14 v3.01 AMS symbols A
)
(/usr/share/texlive/texmf-dist/tex/latex/microtype/mt-msa.cfg
File: mt-msa.cfg 2006/02/04 v1.1 microtype config. file: AMS symbols (a) (RS)
)
LaTeX Font Info:    Trying to load font information for U+msb on input line 28.


(/usr/share/texlive/texmf-dist/tex/latex/amsfonts/umsb.fd
File: umsb.fd 2013/01/14 v3.01 AMS symbols B
)
(/usr/share/texlive/texmf-dist/tex/latex/microtype/mt-msb.cfg
File: mt-msb.cfg 2005/06/01 v1.0 microtype config. file: AMS symbols (b) (RS)
)
<inf-logo-dark.pdf, id=37, 701.84395pt x 389.02475pt>
File: inf-logo-dark.pdf Graphic file (type pdf)
<use inf-logo-dark.pdf>
Package pdftex.def Info: inf-logo-dark.pdf  used on input line 31.
(pdftex.def)             Requested size: 109.2597pt x 60.55939pt.

Overfull \hbox (3.65pt too wide) in paragraph at lines 31--31
 [][]  
 []

[1

{/var/lib/texmf/fonts/map/pdftex/updmap/pdftex.map} <./inf-logo-dark.pdf>]
LaTeX Font Info:    External font `lmex10' loaded for size
(Font)              <10.95> on input line 50.
LaTeX Font Info:    External font `lmex10' loaded for size
(Font)              <8> on input line 50.
LaTeX Font Info:    External font `lmex10' loaded for size
(Font)              <6> on input line 50.

Overfull \hbox (132.55334pt too wide) in paragraph at lines 50--50
[][] 
 []

LaTeX Font Info:    External font `lmex10' loaded for size
(Font)              <9> on input line 50.
LaTeX Font Info:    External font `lmex10' loaded for size
(Font)              <5> on input line 50.

Package microtype Warning: tracking amount list `beamer.tex/50' will
(microtype)                override list `beamer.tex/28' for 
(microtype)                font `OT1////' on input line 50.


Overfull \hbox (2.12503pt too wide) has occurred while \output is active
[][] 
 []

[2

]
Overfull \hbox (132.55334pt too wide) in paragraph at lines 64--64
[][] 
 []


Package microtype Warning: tracking amount list `beamer.tex/64' will
(microtype)                override list `beamer.tex/50' for 
(microtype)                font `OT1////' on input line 64.


Overfull \hbox (2.12503pt too wide) has occurred while \output is active
[][] 
 []

[3

]
Overfull \hbox (132.55334pt too wide) in paragraph at lines 75--75
[][] 
 []


Package microtype Warning: tracking amount list `beamer.tex/75' will
(microtype)                override list `beamer.tex/64' for 
(microtype)                font `OT1////' on input line 75.


Overfull \hbox (2.12503pt too wide) has occurred while \output is active
[][] 
 []

[4

]
<../../imagensEtapa2/OrgranogramaExperimentos.jpeg, id=66, 1363.0925pt x 759.83
875pt>
File: ../../imagensEtapa2/OrgranogramaExperimentos.jpeg Graphic file (type jpg)

<use ../../imagensEtapa2/OrgranogramaExperimentos.jpeg>
Package pdftex.def Info: ../../imagensEtapa2/OrgranogramaExperimentos.jpeg  use
d on input line 84.
(pdftex.def)             Requested size: 245.83282pt x 137.03174pt.

Overfull \hbox (132.55334pt too wide) in paragraph at lines 84--84
[][] 
 []


Package microtype Warning: tracking amount list `beamer.tex/84' will
(microtype)                override list `beamer.tex/75' for 
(microtype)                font `OT1////' on input line 84.


Overfull \hbox (2.12503pt too wide) has occurred while \output is active
[][] 
 []

[5

 <../../imagensEtapa2/OrgranogramaExperimentos.jpeg>]
<../../imagensEtapa3/estabilidade_julia_1_mid.pdf, id=72, 578.16pt x 433.62pt>
File: ../../imagensEtapa3/estabilidade_julia_1_mid.pdf Graphic file (type pdf)
<use ../../imagensEtapa3/estabilidade_julia_1_mid.pdf>
Package pdftex.def Info: ../../imagensEtapa3/estabilidade_julia_1_mid.pdf  used
 on input line 119.
(pdftex.def)             Requested size: 101.40622pt x 76.05005pt.
<../../imagensEtapa3/estabilidade_julia_2_mid.pdf, id=73, 578.16pt x 433.62pt>
File: ../../imagensEtapa3/estabilidade_julia_2_mid.pdf Graphic file (type pdf)
<use ../../imagensEtapa3/estabilidade_julia_2_mid.pdf>
Package pdftex.def Info: ../../imagensEtapa3/estabilidade_julia_2_mid.pdf  used
 on input line 119.
(pdftex.def)             Requested size: 101.40622pt x 76.05005pt.
<../../imagensEtapa3/estabilidade_julia_3_mid.pdf, id=74, 578.16pt x 433.62pt>
File: ../../imagensEtapa3/estabilidade_julia_3_mid.pdf Graphic file (type pdf)
<use ../../imagensEtapa3/estabilidade_julia_3_mid.pdf>
Package pdftex.def Info: ../../imagensEtapa3/estabilidade_julia_3_mid.pdf  used
 on input line 119.
(pdftex.def)             Requested size: 101.40622pt x 76.05005pt.

Overfull \hbox (132.55334pt too wide) in paragraph at lines 119--119
[][] 
 []


Package microtype Warning: tracking amount list `beamer.tex/119' will
(microtype)                override list `beamer.tex/84' for 
(microtype)                font `OT1////' on input line 119.


Overfull \hbox (2.12503pt too wide) has occurred while \output is active
[][] 
 []

[6

 <../../imagensEtapa3/estabilidade_julia_1_mid.pdf> <../../imagensEtapa3/estabi
lidade_julia_2_mid.pdf> <../../imagensEtapa3/estabilidade_julia_3_mid.pdf>]
<../../imagensEtapa3/estabilidade_python_1_mid.pdf, id=110, 578.16pt x 433.62pt
>
File: ../../imagensEtapa3/estabilidade_python_1_mid.pdf Graphic file (type pdf)

<use ../../imagensEtapa3/estabilidade_python_1_mid.pdf>
Package pdftex.def Info: ../../imagensEtapa3/estabilidade_python_1_mid.pdf  use
d on input line 152.
(pdftex.def)             Requested size: 101.40622pt x 76.05005pt.
<../../imagensEtapa3/estabilidade_python_2_mid.pdf, id=111, 578.16pt x 433.62pt
>
File: ../../imagensEtapa3/estabilidade_python_2_mid.pdf Graphic file (type pdf)

<use ../../imagensEtapa3/estabilidade_python_2_mid.pdf>
Package pdftex.def Info: ../../imagensEtapa3/estabilidade_python_2_mid.pdf  use
d on input line 152.
(pdftex.def)             Requested size: 101.40622pt x 76.05005pt.
<../../imagensEtapa3/estabilidade_python_3_mid.pdf, id=112, 578.16pt x 433.62pt
>
File: ../../imagensEtapa3/estabilidade_python_3_mid.pdf Graphic file (type pdf)

<use ../../imagensEtapa3/estabilidade_python_3_mid.pdf>
Package pdftex.def Info: ../../imagensEtapa3/estabilidade_python_3_mid.pdf  use
d on input line 152.
(pdftex.def)             Requested size: 101.40622pt x 76.05005pt.

Overfull \hbox (132.55334pt too wide) in paragraph at lines 152--152
[][] 
 []


Package microtype Warning: tracking amount list `beamer.tex/152' will
(microtype)                override list `beamer.tex/119' for 
(microtype)                font `OT1////' on input line 152.


Overfull \hbox (2.12503pt too wide) has occurred while \output is active
[][] 
 []

[7

 <../../imagensEtapa3/estabilidade_python_1_mid.pdf> <../../imagensEtapa3/estab
ilidade_python_2_mid.pdf> <../../imagensEtapa3/estabilidade_python_3_mid.pdf>]
<../../imagensEtapa3/mem_bars_1d.pdf, id=150, 722.7pt x 505.89pt>
File: ../../imagensEtapa3/mem_bars_1d.pdf Graphic file (type pdf)
<use ../../imagensEtapa3/mem_bars_1d.pdf>
Package pdftex.def Info: ../../imagensEtapa3/mem_bars_1d.pdf  used on input lin
e 185.
(pdftex.def)             Requested size: 101.40622pt x 70.9785pt.
<../../imagensEtapa3/mem_bars_2d.pdf, id=151, 722.7pt x 505.89pt>
File: ../../imagensEtapa3/mem_bars_2d.pdf Graphic file (type pdf)
<use ../../imagensEtapa3/mem_bars_2d.pdf>
Package pdftex.def Info: ../../imagensEtapa3/mem_bars_2d.pdf  used on input lin
e 185.
(pdftex.def)             Requested size: 101.40622pt x 70.9785pt.
<../../imagensEtapa3/mem_bars_3d.pdf, id=152, 722.7pt x 505.89pt>
File: ../../imagensEtapa3/mem_bars_3d.pdf Graphic file (type pdf)
<use ../../imagensEtapa3/mem_bars_3d.pdf>
Package pdftex.def Info: ../../imagensEtapa3/mem_bars_3d.pdf  used on input lin
e 185.
(pdftex.def)             Requested size: 101.40622pt x 70.9785pt.

Overfull \hbox (132.55334pt too wide) in paragraph at lines 185--185
[][] 
 []


Package microtype Warning: tracking amount list `beamer.tex/185' will
(microtype)                override list `beamer.tex/152' for 
(microtype)                font `OT1////' on input line 185.


Overfull \hbox (2.12503pt too wide) has occurred while \output is active
[][] 
 []

[8

 <../../imagensEtapa3/mem_bars_1d.pdf> <../../imagensEtapa3/mem_bars_2d.pdf> <.
./../imagensEtapa3/mem_bars_3d.pdf>]
Overfull \hbox (132.55334pt too wide) in paragraph at lines 206--206
[][] 
 []


Package microtype Warning: tracking amount list `beamer.tex/206' will
(microtype)                override list `beamer.tex/185' for 
(microtype)                font `OT1////' on input line 206.


Overfull \hbox (2.12503pt too wide) has occurred while \output is active
[][] 
 []

[9

]
Overfull \hbox (132.55334pt too wide) in paragraph at lines 227--227
[][] 
 []


Package microtype Warning: tracking amount list `beamer.tex/227' will
(microtype)                override list `beamer.tex/206' for 
(microtype)                font `OT1////' on input line 227.


Overfull \hbox (2.12503pt too wide) has occurred while \output is active
[][] 
 []

[10

]
<../../imagensEtapa3/regressao_julia_2d.pdf, id=195, 433.62pt x 289.08pt>
File: ../../imagensEtapa3/regressao_julia_2d.pdf Graphic file (type pdf)
<use ../../imagensEtapa3/regressao_julia_2d.pdf>
Package pdftex.def Info: ../../imagensEtapa3/regressao_julia_2d.pdf  used on in
put line 237.
(pdftex.def)             Requested size: 245.83282pt x 163.89069pt.

Overfull \hbox (132.55334pt too wide) in paragraph at lines 237--237
[][] 
 []


Package microtype Warning: tracking amount list `beamer.tex/237' will
(microtype)                override list `beamer.tex/227' for 
(microtype)                font `OT1////' on input line 237.


Overfull \hbox (2.12503pt too wide) has occurred while \output is active
[][] 
 []

[11

 <../../imagensEtapa3/regressao_julia_2d.pdf>]
<../../imagensEtapa3/regressao_julia_1d.pdf, id=211, 433.62pt x 289.08pt>
File: ../../imagensEtapa3/regressao_julia_1d.pdf Graphic file (type pdf)
<use ../../imagensEtapa3/regressao_julia_1d.pdf>
Package pdftex.def Info: ../../imagensEtapa3/regressao_julia_1d.pdf  used on in
put line 264.
(pdftex.def)             Requested size: 153.64493pt x 102.42783pt.
<../../imagensEtapa3/regressao_julia_3d.pdf, id=212, 433.62pt x 289.08pt>
File: ../../imagensEtapa3/regressao_julia_3d.pdf Graphic file (type pdf)
<use ../../imagensEtapa3/regressao_julia_3d.pdf>
Package pdftex.def Info: ../../imagensEtapa3/regressao_julia_3d.pdf  used on in
put line 264.
(pdftex.def)             Requested size: 153.64493pt x 102.42783pt.

Overfull \hbox (132.55334pt too wide) in paragraph at lines 264--264
[][] 
 []


Package microtype Warning: tracking amount list `beamer.tex/264' will
(microtype)                override list `beamer.tex/237' for 
(microtype)                font `OT1////' on input line 264.


Overfull \hbox (2.12503pt too wide) has occurred while \output is active
[][] 
 []

[12

 <../../imagensEtapa3/regressao_julia_1d.pdf> <../../imagensEtapa3/regressao_ju
lia_3d.pdf>]
<../../imagensEtapa3/regressao_python_2d.pdf, id=238, 433.62pt x 289.08pt>
File: ../../imagensEtapa3/regressao_python_2d.pdf Graphic file (type pdf)
<use ../../imagensEtapa3/regressao_python_2d.pdf>
Package pdftex.def Info: ../../imagensEtapa3/regressao_python_2d.pdf  used on i
nput line 275.
(pdftex.def)             Requested size: 245.83282pt x 163.89069pt.

Overfull \hbox (132.55334pt too wide) in paragraph at lines 275--275
[][] 
 []


Package microtype Warning: tracking amount list `beamer.tex/275' will
(microtype)                override list `beamer.tex/264' for 
(microtype)                font `OT1////' on input line 275.


Overfull \hbox (2.12503pt too wide) has occurred while \output is active
[][] 
 []

[13

 <../../imagensEtapa3/regressao_python_2d.pdf>]
<../../imagensEtapa3/regressao_python_1d.pdf, id=255, 433.62pt x 289.08pt>
File: ../../imagensEtapa3/regressao_python_1d.pdf Graphic file (type pdf)
<use ../../imagensEtapa3/regressao_python_1d.pdf>
Package pdftex.def Info: ../../imagensEtapa3/regressao_python_1d.pdf  used on i
nput line 302.
(pdftex.def)             Requested size: 153.64493pt x 102.42783pt.
<../../imagensEtapa3/regressao_python_3d.pdf, id=256, 433.62pt x 289.08pt>
File: ../../imagensEtapa3/regressao_python_3d.pdf Graphic file (type pdf)
<use ../../imagensEtapa3/regressao_python_3d.pdf>
Package pdftex.def Info: ../../imagensEtapa3/regressao_python_3d.pdf  used on i
nput line 302.
(pdftex.def)             Requested size: 153.64493pt x 102.42783pt.

Overfull \hbox (132.55334pt too wide) in paragraph at lines 302--302
[][] 
 []


Package microtype Warning: tracking amount list `beamer.tex/302' will
(microtype)                override list `beamer.tex/275' for 
(microtype)                font `OT1////' on input line 302.


Overfull \hbox (2.12503pt too wide) has occurred while \output is active
[][] 
 []

[14

 <../../imagensEtapa3/regressao_python_1d.pdf> <../../imagensEtapa3/regressao_p
ython_3d.pdf>]
<../../imagensEtapa3/regressao_peak_mem_julia_2d.pdf, id=283, 433.62pt x 289.08
pt>
File: ../../imagensEtapa3/regressao_peak_mem_julia_2d.pdf Graphic file (type pd
f)
<use ../../imagensEtapa3/regressao_peak_mem_julia_2d.pdf>
Package pdftex.def Info: ../../imagensEtapa3/regressao_peak_mem_julia_2d.pdf  u
sed on input line 314.
(pdftex.def)             Requested size: 245.83282pt x 163.89069pt.

Overfull \hbox (132.55334pt too wide) in paragraph at lines 314--314
[][] 
 []


Package microtype Warning: tracking amount list `beamer.tex/314' will
(microtype)                override list `beamer.tex/302' for 
(microtype)                font `OT1////' on input line 314.


Overfull \hbox (2.12503pt too wide) has occurred while \output is active
[][] 
 []

[15

 <../../imagensEtapa3/regressao_peak_mem_julia_2d.pdf>]
<../../imagensEtapa3/regressao_peak_mem_julia_1d.pdf, id=299, 433.62pt x 289.08
pt>
File: ../../imagensEtapa3/regressao_peak_mem_julia_1d.pdf Graphic file (type pd
f)
<use ../../imagensEtapa3/regressao_peak_mem_julia_1d.pdf>
Package pdftex.def Info: ../../imagensEtapa3/regressao_peak_mem_julia_1d.pdf  u
sed on input line 341.
(pdftex.def)             Requested size: 153.64493pt x 102.42783pt.
<../../imagensEtapa3/regressao_peak_mem_julia_3d.pdf, id=300, 433.62pt x 289.08
pt>
File: ../../imagensEtapa3/regressao_peak_mem_julia_3d.pdf Graphic file (type pd
f)
<use ../../imagensEtapa3/regressao_peak_mem_julia_3d.pdf>
Package pdftex.def Info: ../../imagensEtapa3/regressao_peak_mem_julia_3d.pdf  u
sed on input line 341.
(pdftex.def)             Requested size: 153.64493pt x 102.42783pt.

Overfull \hbox (132.55334pt too wide) in paragraph at lines 341--341
[][] 
 []


Package microtype Warning: tracking amount list `beamer.tex/341' will
(microtype)                override list `beamer.tex/314' for 
(microtype)                font `OT1////' on input line 341.


Overfull \hbox (2.12503pt too wide) has occurred while \output is active
[][] 
 []

[16

 <../../imagensEtapa3/regressao_peak_mem_julia_1d.pdf> <../../imagensEtapa3/reg
ressao_peak_mem_julia_3d.pdf>]
<../../imagensEtapa3/regressao_peak_mem_python_2d.pdf, id=326, 433.62pt x 289.0
8pt>
File: ../../imagensEtapa3/regressao_peak_mem_python_2d.pdf Graphic file (type p
df)
<use ../../imagensEtapa3/regressao_peak_mem_python_2d.pdf>
Package pdftex.def Info: ../../imagensEtapa3/regressao_peak_mem_python_2d.pdf  
used on input line 352.
(pdftex.def)             Requested size: 245.83282pt x 163.89069pt.

Overfull \hbox (132.55334pt too wide) in paragraph at lines 352--352
[][] 
 []


Package microtype Warning: tracking amount list `beamer.tex/352' will
(microtype)                override list `beamer.tex/341' for 
(microtype)                font `OT1////' on input line 352.


Overfull \hbox (2.12503pt too wide) has occurred while \output is active
[][] 
 []

[17

 <../../imagensEtapa3/regressao_peak_mem_python_2d.pdf>]
<../../imagensEtapa3/regressao_peak_mem_python_1d.pdf, id=342, 433.62pt x 289.0
8pt>
File: ../../imagensEtapa3/regressao_peak_mem_python_1d.pdf Graphic file (type p
df)
<use ../../imagensEtapa3/regressao_peak_mem_python_1d.pdf>
Package pdftex.def Info: ../../imagensEtapa3/regressao_peak_mem_python_1d.pdf  
used on input line 379.
(pdftex.def)             Requested size: 153.64493pt x 102.42783pt.
<../../imagensEtapa3/regressao_peak_mem_python_3d.pdf, id=343, 433.62pt x 289.0
8pt>
File: ../../imagensEtapa3/regressao_peak_mem_python_3d.pdf Graphic file (type p
df)
<use ../../imagensEtapa3/regressao_peak_mem_python_3d.pdf>
Package pdftex.def Info: ../../imagensEtapa3/regressao_peak_mem_python_3d.pdf  
used on input line 379.
(pdftex.def)             Requested size: 153.64493pt x 102.42783pt.

Overfull \hbox (132.55334pt too wide) in paragraph at lines 379--379
[][] 
 []


Package microtype Warning: tracking amount list `beamer.tex/379' will
(microtype)                override list `beamer.tex/352' for 
(microtype)                font `OT1////' on input line 379.


Overfull \hbox (2.12503pt too wide) has occurred while \output is active
[][] 
 []

[18

 <../../imagensEtapa3/regressao_peak_mem_python_1d.pdf> <../../imagensEtapa3/re
gressao_peak_mem_python_3d.pdf>]
LaTeX Font Info:    External font `lmex10' loaded for size
(Font)              <10> on input line 396.
LaTeX Font Info:    External font `lmex10' loaded for size
(Font)              <7> on input line 396.
LaTeX Font Info:    Font shape `T1/lmss/m/it' in size <10> not available
(Font)              Font shape `T1/lmss/m/sl' tried instead on input line 396.

Overfull \hbox (132.55334pt too wide) in paragraph at lines 396--396
[][] 
 []


Package microtype Warning: tracking amount list `beamer.tex/396' will
(microtype)                override list `beamer.tex/379' for 
(microtype)                font `OT1////' on input line 396.


Overfull \hbox (2.12503pt too wide) has occurred while \output is active
[][] 
 []

[19

]
Overfull \hbox (132.55334pt too wide) in paragraph at lines 414--414
[][] 
 []


Package microtype Warning: tracking amount list `beamer.tex/414' will
(microtype)                override list `beamer.tex/396' for 
(microtype)                font `OT1////' on input line 414.


Overfull \hbox (2.12503pt too wide) has occurred while \output is active
[][] 
 []

[20

]
Overfull \hbox (132.55334pt too wide) in paragraph at lines 432--432
[][] 
 []


Package microtype Warning: tracking amount list `beamer.tex/432' will
(microtype)                override list `beamer.tex/414' for 
(microtype)                font `OT1////' on input line 432.


Overfull \hbox (2.12503pt too wide) has occurred while \output is active
[][] 
 []

[21

]
LaTeX Font Info:    Font shape `T1/lmss/m/it' in size <10.95> not available
(Font)              Font shape `T1/lmss/m/sl' tried instead on input line 447.

Overfull \hbox (132.55334pt too wide) in paragraph at lines 447--447
[][] 
 []


Package microtype Warning: tracking amount list `beamer.tex/447' will
(microtype)                override list `beamer.tex/432' for 
(microtype)                font `OT1////' on input line 447.


Overfull \hbox (2.12503pt too wide) has occurred while \output is active
[][] 
 []

[22

]
LaTeX Font Info:    Trying to load font information for T1+lmtt on input line 4
64.
 (/usr/share/texmf/tex/latex/lm/t1lmtt.fd
File: t1lmtt.fd 2009/10/30 v1.6 Font defs for Latin Modern
)
Package microtype Info: Loading generic protrusion settings for font family
(microtype)             `lmtt' (encoding: T1).
(microtype)             For optimal results, create family-specific settings.
(microtype)             See the microtype manual for details.

Overfull \hbox (132.55334pt too wide) in paragraph at lines 464--464
[][] 
 []


Package microtype Warning: tracking amount list `beamer.tex/464' will
(microtype)                override list `beamer.tex/447' for 
(microtype)                font `OT1////' on input line 464.


Overfull \hbox (2.12503pt too wide) has occurred while \output is active
[][] 
 []

[23

]
<inf-logo-white.pdf, id=398, 702.625pt x 389.455pt>
File: inf-logo-white.pdf Graphic file (type pdf)
<use inf-logo-white.pdf>
Package pdftex.def Info: inf-logo-white.pdf  used on input line 470.
(pdftex.def)             Requested size: 72.83795pt x 40.36806pt.

Overfull \hbox (132.55334pt too wide) in paragraph at lines 470--470
[][] 
 []


Package microtype Warning: tracking amount list `beamer.tex/470' will
(microtype)                override list `beamer.tex/464' for 
(microtype)                font `OT1////' on input line 470.


Overfull \hbox (2.12503pt too wide) has occurred while \output is active
[][] 
 []

[24

 <./inf-logo-white.pdf>]
\tf@nav=\write6
\openout6 = `beamer.nav'.

\tf@toc=\write7
\openout7 = `beamer.toc'.

\tf@snm=\write8
\openout8 = `beamer.snm'.

Package atveryend Info: Empty hook `BeforeClearDocument' on input line 472.
Package atveryend Info: Empty hook `AfterLastShipout' on input line 472.
 (./beamer.aux)
Package atveryend Info: Executing hook `AtVeryEndDocument' on input line 472.
Package atveryend Info: Executing hook `AtEndAfterFileList' on input line 472.
Package rerunfilecheck Info: File `beamer.out' has not changed.
(rerunfilecheck)             Checksum: C3ED2ED39EE966A8ECF68F0915993DAC;351.
 ) 
Here is how much of TeX's memory you used:
 22595 strings out of 481239
 427249 string characters out of 5920377
 705661 words of memory out of 5000000
 37120 multiletter control sequences out of 15000+600000
 618933 words of font info for 118 fonts, out of 8000000 for 9000
 1141 hyphenation exceptions out of 8191
 58i,19n,69p,773b,698s stack positions out of 5000i,500n,10000p,200000b,80000s
{/usr/share/texmf/fonts/enc/dvips/lm/lm-ec.enc}{/usr/share/texmf/fonts/enc/dv
ips/lm/lm-mathit.enc}{/usr/share/texmf/fonts/enc/dvips/lm/lm-rm.enc}{/usr/share
/texmf/fonts/enc/dvips/lm/lm-mathsy.enc}{/usr/share/texlive/texmf-dist/fonts/en
c/dvips/base/8r.enc}</usr/share/texmf/fonts/type1/public/lm/lmmi10.pfb></usr/sh
are/texmf/fonts/type1/public/lm/lmmi8.pfb></usr/share/texmf/fonts/type1/public/
lm/lmr8.pfb></usr/share/texmf/fonts/type1/public/lm/lmss10.pfb></usr/share/texm
f/fonts/type1/public/lm/lmss12.pfb></usr/share/texmf/fonts/type1/public/lm/lmss
8.pfb></usr/share/texmf/fonts/type1/public/lm/lmssbx10.pfb></usr/share/texmf/fo
nts/type1/public/lm/lmsso10.pfb></usr/share/texmf/fonts/type1/public/lm/lmsy10.
pfb></usr/share/texmf/fonts/type1/public/lm/lmtt10.pfb></usr/share/texlive/texm
f-dist/fonts/type1/urw/helvetic/uhvb8a.pfb>
Output written on beamer.pdf (24 pages, 422963 bytes).
PDF statistics:
 470 PDF objects out of 1000 (max. 8388607)
 376 compressed objects within 4 object streams
 55 named destinations out of 1000 (max. 500000)
 27859 words of extra memory for PDF output out of 29859 (max. 10000000)

