Log do Experimento - 80 execuções planejadas
==================================================

--- Execução [1/80]: python, 1d, high (L=2000) ---
Integral em t=0: 667.0000
Integral em tmax: 667.0000
0.045173228998464765,98248
---------------------------------------------------

--- Execução [2/80]: julia, 2d, low (L=200) ---
Integral em t=0: 4489.0
Integral em tmax: 4489.0
0.221537654,960616
------------------------------------------------

--- Execução [3/80]: julia, 1d, low (L=500) ---
Integral em t=0: 167.00000000000006
Integral em tmax: 167.0
0.000562322,12728
------------------------------------------------

--- Execução [4/80]: python, 1d, low (L=500) ---
Integral em t=0: 167.0000
Integral em tmax: 167.0000
0.03510402800020529,26220
-------------------------------------------------

--- Execução [5/80]: julia, 1d, high (L=2000) ---
Integral em t=0: 667.0
Integral em tmax: 667.0
0.002353765,48568
--------------------------------------------------

--- Execução [6/80]: python, 2d, high (L=500) ---
Integral em t=0: 27889.0000
Integral em tmax: 27889.0000
7.437229246999777,10102620
--------------------------------------------------

--- Execução [7/80]: python, 2d, high (L=500) ---
Integral em t=0: 27889.0000
Integral em tmax: 27889.0000
7.239843598001244,10102620
--------------------------------------------------

--- Execução [8/80]: python, 1d, high (L=2000) ---
Integral em t=0: 667.0000
Integral em tmax: 667.0000
0.055521615999168716,98248
---------------------------------------------------

--- Execução [9/80]: julia, 2d, low (L=200) ---
Integral em t=0: 4489.0
Integral em tmax: 4489.0
0.191435308,960616
------------------------------------------------

--- Execução [10/80]: python, 2d, low (L=200) ---
Integral em t=0: 4489.0000
Integral em tmax: 4489.0000
1.0390805139995791,1721792
--------------------------------------------------

--- Execução [11/80]: python, 2d, low (L=200) ---
Integral em t=0: 4489.0000
Integral em tmax: 4489.0000
1.0475053209993348,1721792
--------------------------------------------------

--- Execução [12/80]: python, 2d, low (L=200) ---
Integral em t=0: 4489.0000
Integral em tmax: 4489.0000
1.081212194998443,1721792
--------------------------------------------------

--- Execução [13/80]: python, 1d, high (L=2000) ---
Integral em t=0: 667.0000
Integral em tmax: 667.0000
0.054931224998654216,98248
----------------------------------------------------

--- Execução [14/80]: python, 1d, low (L=500) ---
Integral em t=0: 167.0000
Integral em tmax: 167.0000
0.0356474119998893,26220
--------------------------------------------------

--- Execução [15/80]: julia, 1d, low (L=500) ---
Integral em t=0: 167.00000000000006
Integral em tmax: 167.0
0.000623567,12696
-------------------------------------------------

--- Execução [16/80]: python, 1d, low (L=500) ---
Integral em t=0: 167.0000
Integral em tmax: 167.0000
0.04458723900097539,26220
--------------------------------------------------

--- Execução [17/80]: julia, 1d, low (L=500) ---
Integral em t=0: 167.00000000000006
Integral em tmax: 167.0
0.000602379,12696
-------------------------------------------------

--- Execução [18/80]: python, 2d, low (L=200) ---
Integral em t=0: 4489.0000
Integral em tmax: 4489.0000
1.0723138559988001,1721792
--------------------------------------------------

--- Execução [19/80]: julia, 1d, low (L=500) ---
Integral em t=0: 167.00000000000006
Integral em tmax: 167.0
0.000623704,12696
-------------------------------------------------

--- Execução [20/80]: python, 2d, low (L=200) ---
Integral em t=0: 4489.0000
Integral em tmax: 4489.0000
1.084536948999812,1721792
--------------------------------------------------

--- Execução [21/80]: python, 2d, high (L=500) ---
Integral em t=0: 27889.0000
Integral em tmax: 27889.0000
7.374389062000773,10102620
---------------------------------------------------

--- Execução [22/80]: julia, 1d, low (L=500) ---
Integral em t=0: 167.00000000000006
Integral em tmax: 167.0
0.000518513,12696
-------------------------------------------------

--- Execução [23/80]: python, 1d, low (L=500) ---
Integral em t=0: 167.0000
Integral em tmax: 167.0000
0.044473079999079346,26220
--------------------------------------------------

--- Execução [24/80]: julia, 2d, high (L=500) ---
Integral em t=0: 27889.0
Integral em tmax: 27889.0
1.1476726,6006360
--------------------------------------------------

--- Execução [25/80]: julia, 2d, low (L=200) ---
Integral em t=0: 4489.0
Integral em tmax: 4489.0
0.202323326,960712
-------------------------------------------------

--- Execução [26/80]: python, 2d, high (L=500) ---
Integral em t=0: 27889.0000
Integral em tmax: 27889.0000
7.286248422999051,10102620
---------------------------------------------------

--- Execução [27/80]: julia, 1d, low (L=500) ---
Integral em t=0: 167.00000000000006
Integral em tmax: 167.0
0.000506922,12696
-------------------------------------------------

--- Execução [28/80]: julia, 2d, low (L=200) ---
Integral em t=0: 4489.0
Integral em tmax: 4489.0
0.185346766,960680
-------------------------------------------------

--- Execução [29/80]: julia, 2d, low (L=200) ---
Integral em t=0: 4489.0
Integral em tmax: 4489.0
0.228201136,960616
-------------------------------------------------

--- Execução [30/80]: julia, 2d, high (L=500) ---
Integral em t=0: 27889.0
Integral em tmax: 27889.0
1.219990003,6006360
--------------------------------------------------

--- Execução [31/80]: julia, 1d, low (L=500) ---
Integral em t=0: 167.00000000000006
Integral em tmax: 167.0
0.000624271,12664
-------------------------------------------------

--- Execução [32/80]: julia, 1d, high (L=2000) ---
Integral em t=0: 667.0
Integral em tmax: 667.0
0.003032724,48568
---------------------------------------------------

--- Execução [33/80]: python, 1d, high (L=2000) ---
Integral em t=0: 667.0000
Integral em tmax: 667.0000
0.05516157500096597,98248
----------------------------------------------------

--- Execução [34/80]: python, 2d, low (L=200) ---
Integral em t=0: 4489.0000
Integral em tmax: 4489.0000
1.1525861570007692,1721792
--------------------------------------------------

--- Execução [35/80]: julia, 1d, high (L=2000) ---
Integral em t=0: 667.0
Integral em tmax: 667.0
0.002840166,48568
---------------------------------------------------

--- Execução [36/80]: julia, 2d, high (L=500) ---
Integral em t=0: 27889.0
Integral em tmax: 27889.0
1.780078794,6009232
--------------------------------------------------

--- Execução [37/80]: julia, 2d, high (L=500) ---
Integral em t=0: 27889.0
Integral em tmax: 27889.0
1.160010153,6006360
--------------------------------------------------

--- Execução [38/80]: julia, 2d, high (L=500) ---
Integral em t=0: 27889.0
Integral em tmax: 27889.0
1.232133623,6009232
--------------------------------------------------

--- Execução [39/80]: julia, 1d, high (L=2000) ---
Integral em t=0: 667.0
Integral em tmax: 667.0
0.002382371,48568
---------------------------------------------------

--- Execução [40/80]: julia, 1d, high (L=2000) ---
Integral em t=0: 667.0
Integral em tmax: 667.0
0.002592811,48600
---------------------------------------------------

--- Execução [41/80]: julia, 1d, high (L=2000) ---
Integral em t=0: 667.0
Integral em tmax: 667.0
0.002883071,48568
---------------------------------------------------

--- Execução [42/80]: python, 1d, low (L=500) ---
Integral em t=0: 167.0000
Integral em tmax: 167.0000
0.04516978199899313,26220
--------------------------------------------------

--- Execução [43/80]: python, 1d, low (L=500) ---
Integral em t=0: 167.0000
Integral em tmax: 167.0000
0.03668072099935671,26220
--------------------------------------------------

--- Execução [44/80]: python, 2d, high (L=500) ---
Integral em t=0: 27889.0000
Integral em tmax: 27889.0000
12.771657448000042,10102620
---------------------------------------------------

--- Execução [45/80]: julia, 2d, low (L=200) ---
Integral em t=0: 4489.0
Integral em tmax: 4489.0
0.190958945,960712
-------------------------------------------------

--- Execução [46/80]: julia, 2d, low (L=200) ---
Integral em t=0: 4489.0
Integral em tmax: 4489.0
0.186325212,960616
-------------------------------------------------

--- Execução [47/80]: python, 1d, high (L=2000) ---
Integral em t=0: 667.0000
Integral em tmax: 667.0000
0.06032996100111632,98248
----------------------------------------------------

--- Execução [48/80]: python, 1d, high (L=2000) ---
Integral em t=0: 667.0000
Integral em tmax: 667.0000
0.04707377600061591,98248
----------------------------------------------------

--- Execução [49/80]: python, 2d, high (L=500) ---
Integral em t=0: 27889.0000
Integral em tmax: 27889.0000
8.287987208001141,10102620
---------------------------------------------------

--- Execução [50/80]: julia, 1d, high (L=2000) ---
Integral em t=0: 667.0
Integral em tmax: 667.0
0.002898338,48632
---------------------------------------------------

--- Execução [51/80]: python, 2d, low (L=200) ---
Integral em t=0: 4489.0000
Integral em tmax: 4489.0000
1.0635681349995139,1721792
--------------------------------------------------

--- Execução [52/80]: julia, 1d, low (L=500) ---
Integral em t=0: 167.00000000000006
Integral em tmax: 167.0
0.000601762,12696
-------------------------------------------------

--- Execução [53/80]: julia, 2d, high (L=500) ---
Integral em t=0: 27889.0
Integral em tmax: 27889.0
1.125578623,6006392
--------------------------------------------------

--- Execução [54/80]: python, 1d, high (L=2000) ---
Integral em t=0: 667.0000
Integral em tmax: 667.0000
0.04476233800050977,98248
----------------------------------------------------

--- Execução [55/80]: julia, 2d, low (L=200) ---
Integral em t=0: 4489.0
Integral em tmax: 4489.0
0.182838877,960712
-------------------------------------------------

--- Execução [56/80]: python, 1d, high (L=2000) ---
Integral em t=0: 667.0000
Integral em tmax: 667.0000
0.04892868099886982,98248
----------------------------------------------------

--- Execução [57/80]: julia, 1d, high (L=2000) ---
Integral em t=0: 667.0
Integral em tmax: 667.0
0.002818117,48600
---------------------------------------------------

--- Execução [58/80]: python, 1d, high (L=2000) ---
Integral em t=0: 667.0000
Integral em tmax: 667.0000
0.045249364999108366,98248
----------------------------------------------------

--- Execução [59/80]: python, 1d, high (L=2000) ---
Integral em t=0: 667.0000
Integral em tmax: 667.0000
0.04544707700006256,98248
----------------------------------------------------

--- Execução [60/80]: julia, 1d, low (L=500) ---
Integral em t=0: 167.00000000000006
Integral em tmax: 167.0
0.000540498,12696
-------------------------------------------------

--- Execução [61/80]: julia, 1d, high (L=2000) ---
Integral em t=0: 667.0
Integral em tmax: 667.0
0.002460085,48632
---------------------------------------------------

--- Execução [62/80]: python, 2d, low (L=200) ---
Integral em t=0: 4489.0000
Integral em tmax: 4489.0000
1.0364324649999617,1721792
--------------------------------------------------

--- Execução [63/80]: python, 2d, high (L=500) ---
Integral em t=0: 27889.0000
Integral em tmax: 27889.0000
7.5527404509994085,10102620
---------------------------------------------------

--- Execução [64/80]: python, 1d, low (L=500) ---
Integral em t=0: 167.0000
Integral em tmax: 167.0000
0.03514063900001929,26220
--------------------------------------------------

--- Execução [65/80]: python, 2d, high (L=500) ---
Integral em t=0: 27889.0000
Integral em tmax: 27889.0000
7.434024615000453,10102620
---------------------------------------------------

--- Execução [66/80]: python, 2d, low (L=200) ---
Integral em t=0: 4489.0000
Integral em tmax: 4489.0000
1.128297895000287,1721792
--------------------------------------------------

--- Execução [67/80]: python, 1d, low (L=500) ---
Integral em t=0: 167.0000
Integral em tmax: 167.0000
0.037126043000171194,26220
--------------------------------------------------

--- Execução [68/80]: julia, 2d, low (L=200) ---
Integral em t=0: 4489.0
Integral em tmax: 4489.0
0.18608961,960616
-------------------------------------------------

--- Execução [69/80]: python, 2d, high (L=500) ---
Integral em t=0: 27889.0000
Integral em tmax: 27889.0000
7.477912964999632,10102620
---------------------------------------------------

--- Execução [70/80]: python, 2d, low (L=200) ---
Integral em t=0: 4489.0000
Integral em tmax: 4489.0000
1.0509107340003538,1721792
--------------------------------------------------

--- Execução [71/80]: julia, 2d, high (L=500) ---
Integral em t=0: 27889.0
Integral em tmax: 27889.0
1.335654976,6006360
--------------------------------------------------

--- Execução [72/80]: julia, 2d, high (L=500) ---
Integral em t=0: 27889.0
Integral em tmax: 27889.0
1.346126894,6003488
--------------------------------------------------

--- Execução [73/80]: julia, 2d, high (L=500) ---
Integral em t=0: 27889.0
Integral em tmax: 27889.0
1.120532791,6009232
--------------------------------------------------

--- Execução [74/80]: python, 1d, low (L=500) ---
Integral em t=0: 167.0000
Integral em tmax: 167.0000
0.03556742499858956,26220
--------------------------------------------------

--- Execução [75/80]: julia, 2d, high (L=500) ---
Integral em t=0: 27889.0
Integral em tmax: 27889.0
1.408967959,6006360
--------------------------------------------------

--- Execução [76/80]: julia, 1d, high (L=2000) ---
Integral em t=0: 667.0
Integral em tmax: 667.0
0.002829388,48632
---------------------------------------------------

--- Execução [77/80]: julia, 2d, low (L=200) ---
Integral em t=0: 4489.0
Integral em tmax: 4489.0
0.182425607,960616
-------------------------------------------------

--- Execução [78/80]: python, 1d, low (L=500) ---
Integral em t=0: 167.0000
Integral em tmax: 167.0000
0.03546733899929677,26220
--------------------------------------------------

--- Execução [79/80]: python, 2d, high (L=500) ---
Integral em t=0: 27889.0000
Integral em tmax: 27889.0000
7.500781820999691,10102620
---------------------------------------------------

--- Execução [80/80]: julia, 1d, low (L=500) ---
Integral em t=0: 167.00000000000006
Integral em tmax: 167.0
0.000514772,12664
-------------------------------------------------

